2026-02-28 19:36:01,737 - __main__ - INFO - Initializing Stock Sentiment Pipeline
2026-02-28 19:36:01,737 - embeddings - INFO - Loading embedding model: all-MiniLM-L6-v2
2026-02-28 19:36:01,840 - sentence_transformers.SentenceTransformer - INFO - Use pytorch device_name: mps
2026-02-28 19:36:01,841 - sentence_transformers.SentenceTransformer - INFO - Load pretrained SentenceTransformer: all-MiniLM-L6-v2
2026-02-28 19:36:01,964 - httpx - INFO - HTTP Request: HEAD https://huggingface.co/sentence-transformers/all-MiniLM-L6-v2/resolve/main/modules.json "HTTP/1.1 307 Temporary Redirect"
2026-02-28 19:36:01,976 - httpx - INFO - HTTP Request: HEAD https://huggingface.co/api/resolve-cache/models/sentence-transformers/all-MiniLM-L6-v2/c9745ed1d9f207416be6d2e6f8de32d1f16199bf/modules.json "HTTP/1.1 200 OK"
2026-02-28 19:36:02,018 - httpx - INFO - HTTP Request: HEAD https://huggingface.co/sentence-transformers/all-MiniLM-L6-v2/resolve/main/config_sentence_transformers.json "HTTP/1.1 307 Temporary Redirect"
2026-02-28 19:36:02,030 - httpx - INFO - HTTP Request: HEAD https://huggingface.co/api/resolve-cache/models/sentence-transformers/all-MiniLM-L6-v2/c9745ed1d9f207416be6d2e6f8de32d1f16199bf/config_sentence_transformers.json "HTTP/1.1 200 OK"
2026-02-28 19:36:02,072 - httpx - INFO - HTTP Request: HEAD https://huggingface.co/sentence-transformers/all-MiniLM-L6-v2/resolve/main/config_sentence_transformers.json "HTTP/1.1 307 Temporary Redirect"
2026-02-28 19:36:02,073 - huggingface_hub.utils._http - WARNING - Warning: You are sending unauthenticated requests to the HF Hub. Please set a HF_TOKEN to enable higher rate limits and faster downloads.
2026-02-28 19:36:02,085 - httpx - INFO - HTTP Request: HEAD https://huggingface.co/api/resolve-cache/models/sentence-transformers/all-MiniLM-L6-v2/c9745ed1d9f207416be6d2e6f8de32d1f16199bf/config_sentence_transformers.json "HTTP/1.1 200 OK"
2026-02-28 19:36:02,126 - httpx - INFO - HTTP Request: HEAD https://huggingface.co/sentence-transformers/all-MiniLM-L6-v2/resolve/main/README.md "HTTP/1.1 307 Temporary Redirect"
2026-02-28 19:36:02,140 - httpx - INFO - HTTP Request: HEAD https://huggingface.co/api/resolve-cache/models/sentence-transformers/all-MiniLM-L6-v2/c9745ed1d9f207416be6d2e6f8de32d1f16199bf/README.md "HTTP/1.1 200 OK"
2026-02-28 19:36:02,186 - httpx - INFO - HTTP Request: HEAD https://huggingface.co/sentence-transformers/all-MiniLM-L6-v2/resolve/main/modules.json "HTTP/1.1 307 Temporary Redirect"
2026-02-28 19:36:02,198 - httpx - INFO - HTTP Request: HEAD https://huggingface.co/api/resolve-cache/models/sentence-transformers/all-MiniLM-L6-v2/c9745ed1d9f207416be6d2e6f8de32d1f16199bf/modules.json "HTTP/1.1 200 OK"
2026-02-28 19:36:02,238 - httpx - INFO - HTTP Request: HEAD https://huggingface.co/sentence-transformers/all-MiniLM-L6-v2/resolve/main/sentence_bert_config.json "HTTP/1.1 307 Temporary Redirect"
2026-02-28 19:36:02,252 - httpx - INFO - HTTP Request: HEAD https://huggingface.co/api/resolve-cache/models/sentence-transformers/all-MiniLM-L6-v2/c9745ed1d9f207416be6d2e6f8de32d1f16199bf/sentence_bert_config.json "HTTP/1.1 200 OK"
2026-02-28 19:36:02,298 - httpx - INFO - HTTP Request: HEAD https://huggingface.co/sentence-transformers/all-MiniLM-L6-v2/resolve/main/adapter_config.json "HTTP/1.1 404 Not Found"
2026-02-28 19:36:02,339 - httpx - INFO - HTTP Request: HEAD https://huggingface.co/sentence-transformers/all-MiniLM-L6-v2/resolve/main/config.json "HTTP/1.1 307 Temporary Redirect"
2026-02-28 19:36:02,355 - httpx - INFO - HTTP Request: HEAD https://huggingface.co/api/resolve-cache/models/sentence-transformers/all-MiniLM-L6-v2/c9745ed1d9f207416be6d2e6f8de32d1f16199bf/config.json "HTTP/1.1 200 OK"
2026-02-28 19:36:02,451 - httpx - INFO - HTTP Request: HEAD https://huggingface.co/sentence-transformers/all-MiniLM-L6-v2/resolve/main/config.json "HTTP/1.1 307 Temporary Redirect"
2026-02-28 19:36:02,462 - httpx - INFO - HTTP Request: HEAD https://huggingface.co/api/resolve-cache/models/sentence-transformers/all-MiniLM-L6-v2/c9745ed1d9f207416be6d2e6f8de32d1f16199bf/config.json "HTTP/1.1 200 OK"
2026-02-28 19:36:02,499 - httpx - INFO - HTTP Request: HEAD https://huggingface.co/sentence-transformers/all-MiniLM-L6-v2/resolve/main/tokenizer_config.json "HTTP/1.1 307 Temporary Redirect"
2026-02-28 19:36:02,511 - httpx - INFO - HTTP Request: HEAD https://huggingface.co/api/resolve-cache/models/sentence-transformers/all-MiniLM-L6-v2/c9745ed1d9f207416be6d2e6f8de32d1f16199bf/tokenizer_config.json "HTTP/1.1 200 OK"
2026-02-28 19:36:02,558 - httpx - INFO - HTTP Request: GET https://huggingface.co/api/models/sentence-transformers/all-MiniLM-L6-v2/tree/main/additional_chat_templates?recursive=false&expand=false "HTTP/1.1 404 Not Found"
2026-02-28 19:36:02,602 - httpx - INFO - HTTP Request: GET https://huggingface.co/api/models/sentence-transformers/all-MiniLM-L6-v2/tree/main?recursive=true&expand=false "HTTP/1.1 200 OK"
2026-02-28 19:36:02,679 - httpx - INFO - HTTP Request: HEAD https://huggingface.co/sentence-transformers/all-MiniLM-L6-v2/resolve/main/1_Pooling/config.json "HTTP/1.1 307 Temporary Redirect"
2026-02-28 19:36:02,690 - httpx - INFO - HTTP Request: HEAD https://huggingface.co/api/resolve-cache/models/sentence-transformers/all-MiniLM-L6-v2/c9745ed1d9f207416be6d2e6f8de32d1f16199bf/1_Pooling%2Fconfig.json "HTTP/1.1 200 OK"
2026-02-28 19:36:02,734 - httpx - INFO - HTTP Request: GET https://huggingface.co/api/models/sentence-transformers/all-MiniLM-L6-v2 "HTTP/1.1 200 OK"
2026-02-28 19:36:03,081 - embeddings - INFO - Model loaded. Embedding dimension: 384
2026-02-28 19:36:03,081 - scoring - INFO - Loading sentiment model: ProsusAI/finbert
2026-02-28 19:36:03,124 - httpx - INFO - HTTP Request: HEAD https://huggingface.co/ProsusAI/finbert/resolve/main/config.json "HTTP/1.1 307 Temporary Redirect"
2026-02-28 19:36:03,134 - httpx - INFO - HTTP Request: HEAD https://huggingface.co/api/resolve-cache/models/ProsusAI/finbert/4556d13015211d73dccd3fdd39d39232506f3e43/config.json "HTTP/1.1 200 OK"
2026-02-28 19:36:03,146 - httpx - INFO - HTTP Request: GET https://huggingface.co/api/resolve-cache/models/ProsusAI/finbert/4556d13015211d73dccd3fdd39d39232506f3e43/config.json "HTTP/1.1 200 OK"
2026-02-28 19:36:03,190 - httpx - INFO - HTTP Request: HEAD https://huggingface.co/ProsusAI/finbert/resolve/main/tokenizer_config.json "HTTP/1.1 307 Temporary Redirect"
2026-02-28 19:36:03,202 - httpx - INFO - HTTP Request: HEAD https://huggingface.co/api/resolve-cache/models/ProsusAI/finbert/4556d13015211d73dccd3fdd39d39232506f3e43/tokenizer_config.json "HTTP/1.1 200 OK"
2026-02-28 19:36:03,214 - httpx - INFO - HTTP Request: GET https://huggingface.co/api/resolve-cache/models/ProsusAI/finbert/4556d13015211d73dccd3fdd39d39232506f3e43/tokenizer_config.json "HTTP/1.1 200 OK"
2026-02-28 19:36:03,255 - httpx - INFO - HTTP Request: GET https://huggingface.co/api/models/ProsusAI/finbert/tree/main/additional_chat_templates?recursive=false&expand=false "HTTP/1.1 404 Not Found"
2026-02-28 19:36:03,297 - httpx - INFO - HTTP Request: GET https://huggingface.co/api/models/ProsusAI/finbert/tree/main?recursive=true&expand=false "HTTP/1.1 200 OK"
2026-02-28 19:36:03,346 - httpx - INFO - HTTP Request: HEAD https://huggingface.co/ProsusAI/finbert/resolve/main/vocab.txt "HTTP/1.1 307 Temporary Redirect"
2026-02-28 19:36:03,359 - httpx - INFO - HTTP Request: HEAD https://huggingface.co/api/resolve-cache/models/ProsusAI/finbert/4556d13015211d73dccd3fdd39d39232506f3e43/vocab.txt "HTTP/1.1 200 OK"
2026-02-28 19:36:03,374 - httpx - INFO - HTTP Request: GET https://huggingface.co/api/resolve-cache/models/ProsusAI/finbert/4556d13015211d73dccd3fdd39d39232506f3e43/vocab.txt "HTTP/1.1 200 OK"
2026-02-28 19:36:03,431 - httpx - INFO - HTTP Request: HEAD https://huggingface.co/ProsusAI/finbert/resolve/main/tokenizer.json "HTTP/1.1 404 Not Found"
2026-02-28 19:36:03,474 - httpx - INFO - HTTP Request: HEAD https://huggingface.co/ProsusAI/finbert/resolve/main/added_tokens.json "HTTP/1.1 404 Not Found"
2026-02-28 19:36:03,528 - httpx - INFO - HTTP Request: HEAD https://huggingface.co/ProsusAI/finbert/resolve/main/special_tokens_map.json "HTTP/1.1 307 Temporary Redirect"
2026-02-28 19:36:03,543 - httpx - INFO - HTTP Request: HEAD https://huggingface.co/api/resolve-cache/models/ProsusAI/finbert/4556d13015211d73dccd3fdd39d39232506f3e43/special_tokens_map.json "HTTP/1.1 200 OK"
2026-02-28 19:36:03,558 - httpx - INFO - HTTP Request: GET https://huggingface.co/api/resolve-cache/models/ProsusAI/finbert/4556d13015211d73dccd3fdd39d39232506f3e43/special_tokens_map.json "HTTP/1.1 200 OK"
2026-02-28 19:36:03,611 - httpx - INFO - HTTP Request: HEAD https://huggingface.co/ProsusAI/finbert/resolve/main/chat_template.jinja "HTTP/1.1 404 Not Found"
2026-02-28 19:36:03,672 - httpx - INFO - HTTP Request: HEAD https://huggingface.co/ProsusAI/finbert/resolve/main/config.json "HTTP/1.1 307 Temporary Redirect"
2026-02-28 19:36:03,686 - httpx - INFO - HTTP Request: HEAD https://huggingface.co/api/resolve-cache/models/ProsusAI/finbert/4556d13015211d73dccd3fdd39d39232506f3e43/config.json "HTTP/1.1 200 OK"
2026-02-28 19:36:03,733 - httpx - INFO - HTTP Request: HEAD https://huggingface.co/ProsusAI/finbert/resolve/main/model.safetensors "HTTP/1.1 404 Not Found"
2026-02-28 19:36:03,781 - httpx - INFO - HTTP Request: HEAD https://huggingface.co/ProsusAI/finbert/resolve/main/model.safetensors.index.json "HTTP/1.1 404 Not Found"
2026-02-28 19:36:03,829 - httpx - INFO - HTTP Request: HEAD https://huggingface.co/ProsusAI/finbert/resolve/main/pytorch_model.bin "HTTP/1.1 302 Found"
2026-02-28 19:36:04,142 - httpx - INFO - HTTP Request: GET https://huggingface.co/api/models/ProsusAI/finbert/xet-read-token/4556d13015211d73dccd3fdd39d39232506f3e43 "HTTP/1.1 200 OK"
2026-02-28 19:36:10,421 - httpx - INFO - HTTP Request: HEAD https://huggingface.co/ProsusAI/finbert/resolve/main/model.safetensors "HTTP/1.1 404 Not Found"
2026-02-28 19:36:10,495 - httpx - INFO - HTTP Request: GET https://huggingface.co/api/models/ProsusAI/finbert "HTTP/1.1 200 OK"
2026-02-28 19:36:10,689 - httpx - INFO - HTTP Request: GET https://huggingface.co/api/models/ProsusAI/finbert/commits/main "HTTP/1.1 200 OK"
2026-02-28 19:36:10,759 - httpx - INFO - HTTP Request: GET https://huggingface.co/api/models/ProsusAI/finbert/discussions?p=0 "HTTP/1.1 200 OK"
2026-02-28 19:36:10,822 - httpx - INFO - HTTP Request: GET https://huggingface.co/api/models/ProsusAI/finbert/commits/refs%2Fpr%2F29 "HTTP/1.1 200 OK"
2026-02-28 19:36:10,866 - httpx - INFO - HTTP Request: HEAD https://huggingface.co/ProsusAI/finbert/resolve/refs%2Fpr%2F29/model.safetensors.index.json "HTTP/1.1 404 Not Found"
2026-02-28 19:36:10,912 - httpx - INFO - HTTP Request: HEAD https://huggingface.co/ProsusAI/finbert/resolve/refs%2Fpr%2F29/model.safetensors "HTTP/1.1 302 Found"
2026-02-28 19:36:10,951 - httpx - INFO - HTTP Request: GET https://huggingface.co/api/models/ProsusAI/finbert/xet-read-token/7db323f79b751944bcfa66298ec06977e4518306 "HTTP/1.1 200 OK"
2026-02-28 19:36:11,030 - scoring - INFO - Sentiment model loaded successfully
2026-02-28 19:36:11,030 - database - INFO - Initialized ActianVectorDB connection to localhost:5432/vector_db
2026-02-28 19:36:11,310 - database - ERROR - Database error: connection to server at "localhost" (::1), port 5432 failed: Connection refused
	Is the server running on that host and accepting TCP/IP connections?
connection to server at "localhost" (127.0.0.1), port 5432 failed: Connection refused
	Is the server running on that host and accepting TCP/IP connections?

2026-02-28 19:36:11,310 - database - ERROR - Failed to initialize schema: connection to server at "localhost" (::1), port 5432 failed: Connection refused
	Is the server running on that host and accepting TCP/IP connections?
connection to server at "localhost" (127.0.0.1), port 5432 failed: Connection refused
	Is the server running on that host and accepting TCP/IP connections?

2026-02-28 19:36:11,310 - __main__ - ERROR - Failed to initialize database schema: connection to server at "localhost" (::1), port 5432 failed: Connection refused
	Is the server running on that host and accepting TCP/IP connections?
connection to server at "localhost" (127.0.0.1), port 5432 failed: Connection refused
	Is the server running on that host and accepting TCP/IP connections?

2026-02-28 19:36:11,310 - __main__ - ERROR - Analysis failed: connection to server at "localhost" (::1), port 5432 failed: Connection refused
	Is the server running on that host and accepting TCP/IP connections?
connection to server at "localhost" (127.0.0.1), port 5432 failed: Connection refused
	Is the server running on that host and accepting TCP/IP connections?

2026-02-28 19:36:26,137 - __main__ - INFO - Initializing Stock Sentiment Pipeline
2026-02-28 19:36:26,137 - embeddings - INFO - Loading embedding model: all-MiniLM-L6-v2
2026-02-28 19:36:26,151 - sentence_transformers.SentenceTransformer - INFO - Use pytorch device_name: mps
2026-02-28 19:36:26,152 - sentence_transformers.SentenceTransformer - INFO - Load pretrained SentenceTransformer: all-MiniLM-L6-v2
2026-02-28 19:36:26,229 - httpx - INFO - HTTP Request: HEAD https://huggingface.co/sentence-transformers/all-MiniLM-L6-v2/resolve/main/modules.json "HTTP/1.1 307 Temporary Redirect"
2026-02-28 19:36:26,241 - httpx - INFO - HTTP Request: HEAD https://huggingface.co/api/resolve-cache/models/sentence-transformers/all-MiniLM-L6-v2/c9745ed1d9f207416be6d2e6f8de32d1f16199bf/modules.json "HTTP/1.1 200 OK"
2026-02-28 19:36:26,284 - httpx - INFO - HTTP Request: HEAD https://huggingface.co/sentence-transformers/all-MiniLM-L6-v2/resolve/main/config_sentence_transformers.json "HTTP/1.1 307 Temporary Redirect"
2026-02-28 19:36:26,297 - httpx - INFO - HTTP Request: HEAD https://huggingface.co/api/resolve-cache/models/sentence-transformers/all-MiniLM-L6-v2/c9745ed1d9f207416be6d2e6f8de32d1f16199bf/config_sentence_transformers.json "HTTP/1.1 200 OK"
2026-02-28 19:36:26,340 - httpx - INFO - HTTP Request: HEAD https://huggingface.co/sentence-transformers/all-MiniLM-L6-v2/resolve/main/config_sentence_transformers.json "HTTP/1.1 307 Temporary Redirect"
2026-02-28 19:36:26,354 - httpx - INFO - HTTP Request: HEAD https://huggingface.co/api/resolve-cache/models/sentence-transformers/all-MiniLM-L6-v2/c9745ed1d9f207416be6d2e6f8de32d1f16199bf/config_sentence_transformers.json "HTTP/1.1 200 OK"
2026-02-28 19:36:26,400 - httpx - INFO - HTTP Request: HEAD https://huggingface.co/sentence-transformers/all-MiniLM-L6-v2/resolve/main/README.md "HTTP/1.1 307 Temporary Redirect"
2026-02-28 19:36:26,401 - huggingface_hub.utils._http - WARNING - Warning: You are sending unauthenticated requests to the HF Hub. Please set a HF_TOKEN to enable higher rate limits and faster downloads.
2026-02-28 19:36:26,414 - httpx - INFO - HTTP Request: HEAD https://huggingface.co/api/resolve-cache/models/sentence-transformers/all-MiniLM-L6-v2/c9745ed1d9f207416be6d2e6f8de32d1f16199bf/README.md "HTTP/1.1 200 OK"
2026-02-28 19:36:26,457 - httpx - INFO - HTTP Request: HEAD https://huggingface.co/sentence-transformers/all-MiniLM-L6-v2/resolve/main/modules.json "HTTP/1.1 307 Temporary Redirect"
2026-02-28 19:36:26,472 - httpx - INFO - HTTP Request: HEAD https://huggingface.co/api/resolve-cache/models/sentence-transformers/all-MiniLM-L6-v2/c9745ed1d9f207416be6d2e6f8de32d1f16199bf/modules.json "HTTP/1.1 200 OK"
2026-02-28 19:36:26,517 - httpx - INFO - HTTP Request: HEAD https://huggingface.co/sentence-transformers/all-MiniLM-L6-v2/resolve/main/sentence_bert_config.json "HTTP/1.1 307 Temporary Redirect"
2026-02-28 19:36:26,533 - httpx - INFO - HTTP Request: HEAD https://huggingface.co/api/resolve-cache/models/sentence-transformers/all-MiniLM-L6-v2/c9745ed1d9f207416be6d2e6f8de32d1f16199bf/sentence_bert_config.json "HTTP/1.1 200 OK"
2026-02-28 19:36:26,582 - httpx - INFO - HTTP Request: HEAD https://huggingface.co/sentence-transformers/all-MiniLM-L6-v2/resolve/main/adapter_config.json "HTTP/1.1 404 Not Found"
2026-02-28 19:36:26,623 - httpx - INFO - HTTP Request: HEAD https://huggingface.co/sentence-transformers/all-MiniLM-L6-v2/resolve/main/config.json "HTTP/1.1 307 Temporary Redirect"
2026-02-28 19:36:26,638 - httpx - INFO - HTTP Request: HEAD https://huggingface.co/api/resolve-cache/models/sentence-transformers/all-MiniLM-L6-v2/c9745ed1d9f207416be6d2e6f8de32d1f16199bf/config.json "HTTP/1.1 200 OK"
2026-02-28 19:36:26,754 - httpx - INFO - HTTP Request: HEAD https://huggingface.co/sentence-transformers/all-MiniLM-L6-v2/resolve/main/config.json "HTTP/1.1 307 Temporary Redirect"
2026-02-28 19:36:26,766 - httpx - INFO - HTTP Request: HEAD https://huggingface.co/api/resolve-cache/models/sentence-transformers/all-MiniLM-L6-v2/c9745ed1d9f207416be6d2e6f8de32d1f16199bf/config.json "HTTP/1.1 200 OK"
2026-02-28 19:36:26,808 - httpx - INFO - HTTP Request: HEAD https://huggingface.co/sentence-transformers/all-MiniLM-L6-v2/resolve/main/tokenizer_config.json "HTTP/1.1 307 Temporary Redirect"
2026-02-28 19:36:26,821 - httpx - INFO - HTTP Request: HEAD https://huggingface.co/api/resolve-cache/models/sentence-transformers/all-MiniLM-L6-v2/c9745ed1d9f207416be6d2e6f8de32d1f16199bf/tokenizer_config.json "HTTP/1.1 200 OK"
2026-02-28 19:36:26,866 - httpx - INFO - HTTP Request: GET https://huggingface.co/api/models/sentence-transformers/all-MiniLM-L6-v2/tree/main/additional_chat_templates?recursive=false&expand=false "HTTP/1.1 404 Not Found"
2026-02-28 19:36:26,918 - httpx - INFO - HTTP Request: GET https://huggingface.co/api/models/sentence-transformers/all-MiniLM-L6-v2/tree/main?recursive=true&expand=false "HTTP/1.1 200 OK"
2026-02-28 19:36:27,002 - httpx - INFO - HTTP Request: HEAD https://huggingface.co/sentence-transformers/all-MiniLM-L6-v2/resolve/main/1_Pooling/config.json "HTTP/1.1 307 Temporary Redirect"
2026-02-28 19:36:27,014 - httpx - INFO - HTTP Request: HEAD https://huggingface.co/api/resolve-cache/models/sentence-transformers/all-MiniLM-L6-v2/c9745ed1d9f207416be6d2e6f8de32d1f16199bf/1_Pooling%2Fconfig.json "HTTP/1.1 200 OK"
2026-02-28 19:36:27,072 - httpx - INFO - HTTP Request: GET https://huggingface.co/api/models/sentence-transformers/all-MiniLM-L6-v2 "HTTP/1.1 200 OK"
2026-02-28 19:36:27,328 - embeddings - INFO - Model loaded. Embedding dimension: 384
2026-02-28 19:36:27,328 - scoring - INFO - Loading sentiment model: ProsusAI/finbert
2026-02-28 19:36:27,371 - httpx - INFO - HTTP Request: HEAD https://huggingface.co/ProsusAI/finbert/resolve/main/config.json "HTTP/1.1 307 Temporary Redirect"
2026-02-28 19:36:27,386 - httpx - INFO - HTTP Request: HEAD https://huggingface.co/api/resolve-cache/models/ProsusAI/finbert/4556d13015211d73dccd3fdd39d39232506f3e43/config.json "HTTP/1.1 200 OK"
2026-02-28 19:36:27,446 - httpx - INFO - HTTP Request: HEAD https://huggingface.co/ProsusAI/finbert/resolve/main/tokenizer_config.json "HTTP/1.1 307 Temporary Redirect"
2026-02-28 19:36:27,459 - httpx - INFO - HTTP Request: HEAD https://huggingface.co/api/resolve-cache/models/ProsusAI/finbert/4556d13015211d73dccd3fdd39d39232506f3e43/tokenizer_config.json "HTTP/1.1 200 OK"
2026-02-28 19:36:27,503 - httpx - INFO - HTTP Request: GET https://huggingface.co/api/models/ProsusAI/finbert/tree/main/additional_chat_templates?recursive=false&expand=false "HTTP/1.1 404 Not Found"
2026-02-28 19:36:27,557 - httpx - INFO - HTTP Request: GET https://huggingface.co/api/models/ProsusAI/finbert/tree/main?recursive=true&expand=false "HTTP/1.1 200 OK"
2026-02-28 19:36:27,623 - httpx - INFO - HTTP Request: HEAD https://huggingface.co/ProsusAI/finbert/resolve/main/config.json "HTTP/1.1 307 Temporary Redirect"
2026-02-28 19:36:27,636 - httpx - INFO - HTTP Request: HEAD https://huggingface.co/api/resolve-cache/models/ProsusAI/finbert/4556d13015211d73dccd3fdd39d39232506f3e43/config.json "HTTP/1.1 200 OK"
2026-02-28 19:36:27,688 - httpx - INFO - HTTP Request: HEAD https://huggingface.co/ProsusAI/finbert/resolve/main/model.safetensors "HTTP/1.1 404 Not Found"
2026-02-28 19:36:27,812 - httpx - INFO - HTTP Request: GET https://huggingface.co/api/models/ProsusAI/finbert "HTTP/1.1 200 OK"
2026-02-28 19:36:27,951 - httpx - INFO - HTTP Request: GET https://huggingface.co/api/models/ProsusAI/finbert/commits/main "HTTP/1.1 200 OK"
2026-02-28 19:36:28,041 - httpx - INFO - HTTP Request: GET https://huggingface.co/api/models/ProsusAI/finbert/discussions?p=0 "HTTP/1.1 200 OK"
2026-02-28 19:36:28,082 - scoring - INFO - Sentiment model loaded successfully
2026-02-28 19:36:28,083 - database - INFO - Initialized ActianVectorDB connection to localhost:5432/vector_db
2026-02-28 19:36:28,098 - database - ERROR - Database error: connection to server at "localhost" (::1), port 5432 failed: Connection refused
	Is the server running on that host and accepting TCP/IP connections?
connection to server at "localhost" (127.0.0.1), port 5432 failed: Connection refused
	Is the server running on that host and accepting TCP/IP connections?

2026-02-28 19:36:28,098 - database - ERROR - Failed to initialize schema: connection to server at "localhost" (::1), port 5432 failed: Connection refused
	Is the server running on that host and accepting TCP/IP connections?
connection to server at "localhost" (127.0.0.1), port 5432 failed: Connection refused
	Is the server running on that host and accepting TCP/IP connections?

2026-02-28 19:36:28,098 - __main__ - ERROR - Failed to initialize database schema: connection to server at "localhost" (::1), port 5432 failed: Connection refused
	Is the server running on that host and accepting TCP/IP connections?
connection to server at "localhost" (127.0.0.1), port 5432 failed: Connection refused
	Is the server running on that host and accepting TCP/IP connections?

2026-02-28 19:36:28,098 - __main__ - ERROR - Analysis failed: connection to server at "localhost" (::1), port 5432 failed: Connection refused
	Is the server running on that host and accepting TCP/IP connections?
connection to server at "localhost" (127.0.0.1), port 5432 failed: Connection refused
	Is the server running on that host and accepting TCP/IP connections?

2026-02-28 19:36:28,101 - httpx - INFO - HTTP Request: GET https://huggingface.co/api/models/ProsusAI/finbert/commits/refs%2Fpr%2F29 "HTTP/1.1 200 OK"
2026-02-28 19:36:28,145 - httpx - INFO - HTTP Request: HEAD https://huggingface.co/ProsusAI/finbert/resolve/refs%2Fpr%2F29/model.safetensors.index.json "HTTP/1.1 404 Not Found"
2026-02-28 19:36:28,188 - httpx - INFO - HTTP Request: HEAD https://huggingface.co/ProsusAI/finbert/resolve/refs%2Fpr%2F29/model.safetensors "HTTP/1.1 302 Found"
2026-02-28 19:39:53,072 - __main__ - INFO - Initializing Stock Sentiment Pipeline
2026-02-28 19:39:53,072 - embeddings - INFO - Loading embedding model: all-MiniLM-L6-v2
2026-02-28 19:39:53,086 - sentence_transformers.SentenceTransformer - INFO - Use pytorch device_name: mps
2026-02-28 19:39:53,086 - sentence_transformers.SentenceTransformer - INFO - Load pretrained SentenceTransformer: all-MiniLM-L6-v2
2026-02-28 19:39:53,171 - httpx - INFO - HTTP Request: HEAD https://huggingface.co/sentence-transformers/all-MiniLM-L6-v2/resolve/main/modules.json "HTTP/1.1 307 Temporary Redirect"
2026-02-28 19:39:53,182 - httpx - INFO - HTTP Request: HEAD https://huggingface.co/api/resolve-cache/models/sentence-transformers/all-MiniLM-L6-v2/c9745ed1d9f207416be6d2e6f8de32d1f16199bf/modules.json "HTTP/1.1 200 OK"
2026-02-28 19:39:53,227 - httpx - INFO - HTTP Request: HEAD https://huggingface.co/sentence-transformers/all-MiniLM-L6-v2/resolve/main/config_sentence_transformers.json "HTTP/1.1 307 Temporary Redirect"
2026-02-28 19:39:53,239 - httpx - INFO - HTTP Request: HEAD https://huggingface.co/api/resolve-cache/models/sentence-transformers/all-MiniLM-L6-v2/c9745ed1d9f207416be6d2e6f8de32d1f16199bf/config_sentence_transformers.json "HTTP/1.1 200 OK"
2026-02-28 19:39:53,352 - httpx - INFO - HTTP Request: HEAD https://huggingface.co/sentence-transformers/all-MiniLM-L6-v2/resolve/main/config_sentence_transformers.json "HTTP/1.1 307 Temporary Redirect"
2026-02-28 19:39:53,353 - huggingface_hub.utils._http - WARNING - Warning: You are sending unauthenticated requests to the HF Hub. Please set a HF_TOKEN to enable higher rate limits and faster downloads.
2026-02-28 19:39:53,366 - httpx - INFO - HTTP Request: HEAD https://huggingface.co/api/resolve-cache/models/sentence-transformers/all-MiniLM-L6-v2/c9745ed1d9f207416be6d2e6f8de32d1f16199bf/config_sentence_transformers.json "HTTP/1.1 200 OK"
2026-02-28 19:39:53,414 - httpx - INFO - HTTP Request: HEAD https://huggingface.co/sentence-transformers/all-MiniLM-L6-v2/resolve/main/README.md "HTTP/1.1 307 Temporary Redirect"
2026-02-28 19:39:53,429 - httpx - INFO - HTTP Request: HEAD https://huggingface.co/api/resolve-cache/models/sentence-transformers/all-MiniLM-L6-v2/c9745ed1d9f207416be6d2e6f8de32d1f16199bf/README.md "HTTP/1.1 200 OK"
2026-02-28 19:39:53,548 - httpx - INFO - HTTP Request: HEAD https://huggingface.co/sentence-transformers/all-MiniLM-L6-v2/resolve/main/modules.json "HTTP/1.1 307 Temporary Redirect"
2026-02-28 19:39:53,563 - httpx - INFO - HTTP Request: HEAD https://huggingface.co/api/resolve-cache/models/sentence-transformers/all-MiniLM-L6-v2/c9745ed1d9f207416be6d2e6f8de32d1f16199bf/modules.json "HTTP/1.1 200 OK"
2026-02-28 19:39:53,635 - httpx - INFO - HTTP Request: HEAD https://huggingface.co/sentence-transformers/all-MiniLM-L6-v2/resolve/main/sentence_bert_config.json "HTTP/1.1 307 Temporary Redirect"
2026-02-28 19:39:53,651 - httpx - INFO - HTTP Request: HEAD https://huggingface.co/api/resolve-cache/models/sentence-transformers/all-MiniLM-L6-v2/c9745ed1d9f207416be6d2e6f8de32d1f16199bf/sentence_bert_config.json "HTTP/1.1 200 OK"
2026-02-28 19:39:53,713 - httpx - INFO - HTTP Request: HEAD https://huggingface.co/sentence-transformers/all-MiniLM-L6-v2/resolve/main/adapter_config.json "HTTP/1.1 404 Not Found"
2026-02-28 19:39:53,761 - httpx - INFO - HTTP Request: HEAD https://huggingface.co/sentence-transformers/all-MiniLM-L6-v2/resolve/main/config.json "HTTP/1.1 307 Temporary Redirect"
2026-02-28 19:39:53,774 - httpx - INFO - HTTP Request: HEAD https://huggingface.co/api/resolve-cache/models/sentence-transformers/all-MiniLM-L6-v2/c9745ed1d9f207416be6d2e6f8de32d1f16199bf/config.json "HTTP/1.1 200 OK"
2026-02-28 19:39:53,914 - httpx - INFO - HTTP Request: HEAD https://huggingface.co/sentence-transformers/all-MiniLM-L6-v2/resolve/main/config.json "HTTP/1.1 307 Temporary Redirect"
2026-02-28 19:39:53,926 - httpx - INFO - HTTP Request: HEAD https://huggingface.co/api/resolve-cache/models/sentence-transformers/all-MiniLM-L6-v2/c9745ed1d9f207416be6d2e6f8de32d1f16199bf/config.json "HTTP/1.1 200 OK"
2026-02-28 19:39:53,968 - httpx - INFO - HTTP Request: HEAD https://huggingface.co/sentence-transformers/all-MiniLM-L6-v2/resolve/main/tokenizer_config.json "HTTP/1.1 307 Temporary Redirect"
2026-02-28 19:39:53,981 - httpx - INFO - HTTP Request: HEAD https://huggingface.co/api/resolve-cache/models/sentence-transformers/all-MiniLM-L6-v2/c9745ed1d9f207416be6d2e6f8de32d1f16199bf/tokenizer_config.json "HTTP/1.1 200 OK"
2026-02-28 19:39:54,074 - httpx - INFO - HTTP Request: GET https://huggingface.co/api/models/sentence-transformers/all-MiniLM-L6-v2/tree/main/additional_chat_templates?recursive=false&expand=false "HTTP/1.1 404 Not Found"
2026-02-28 19:39:54,120 - httpx - INFO - HTTP Request: GET https://huggingface.co/api/models/sentence-transformers/all-MiniLM-L6-v2/tree/main?recursive=true&expand=false "HTTP/1.1 200 OK"
2026-02-28 19:39:54,211 - httpx - INFO - HTTP Request: HEAD https://huggingface.co/sentence-transformers/all-MiniLM-L6-v2/resolve/main/1_Pooling/config.json "HTTP/1.1 307 Temporary Redirect"
2026-02-28 19:39:54,225 - httpx - INFO - HTTP Request: HEAD https://huggingface.co/api/resolve-cache/models/sentence-transformers/all-MiniLM-L6-v2/c9745ed1d9f207416be6d2e6f8de32d1f16199bf/1_Pooling%2Fconfig.json "HTTP/1.1 200 OK"
2026-02-28 19:39:54,274 - httpx - INFO - HTTP Request: GET https://huggingface.co/api/models/sentence-transformers/all-MiniLM-L6-v2 "HTTP/1.1 200 OK"
2026-02-28 19:39:54,602 - embeddings - INFO - Model loaded. Embedding dimension: 384
2026-02-28 19:39:54,602 - scoring - INFO - Loading sentiment model: ProsusAI/finbert
2026-02-28 19:39:54,647 - httpx - INFO - HTTP Request: HEAD https://huggingface.co/ProsusAI/finbert/resolve/main/config.json "HTTP/1.1 307 Temporary Redirect"
2026-02-28 19:39:54,658 - httpx - INFO - HTTP Request: HEAD https://huggingface.co/api/resolve-cache/models/ProsusAI/finbert/4556d13015211d73dccd3fdd39d39232506f3e43/config.json "HTTP/1.1 200 OK"
2026-02-28 19:39:54,701 - httpx - INFO - HTTP Request: HEAD https://huggingface.co/ProsusAI/finbert/resolve/main/tokenizer_config.json "HTTP/1.1 307 Temporary Redirect"
2026-02-28 19:39:54,713 - httpx - INFO - HTTP Request: HEAD https://huggingface.co/api/resolve-cache/models/ProsusAI/finbert/4556d13015211d73dccd3fdd39d39232506f3e43/tokenizer_config.json "HTTP/1.1 200 OK"
2026-02-28 19:39:54,758 - httpx - INFO - HTTP Request: GET https://huggingface.co/api/models/ProsusAI/finbert/tree/main/additional_chat_templates?recursive=false&expand=false "HTTP/1.1 404 Not Found"
2026-02-28 19:39:54,802 - httpx - INFO - HTTP Request: GET https://huggingface.co/api/models/ProsusAI/finbert/tree/main?recursive=true&expand=false "HTTP/1.1 200 OK"
2026-02-28 19:39:54,851 - httpx - INFO - HTTP Request: HEAD https://huggingface.co/ProsusAI/finbert/resolve/main/config.json "HTTP/1.1 307 Temporary Redirect"
2026-02-28 19:39:54,861 - httpx - INFO - HTTP Request: HEAD https://huggingface.co/api/resolve-cache/models/ProsusAI/finbert/4556d13015211d73dccd3fdd39d39232506f3e43/config.json "HTTP/1.1 200 OK"
2026-02-28 19:39:54,906 - httpx - INFO - HTTP Request: HEAD https://huggingface.co/ProsusAI/finbert/resolve/main/model.safetensors "HTTP/1.1 404 Not Found"
2026-02-28 19:39:55,001 - httpx - INFO - HTTP Request: GET https://huggingface.co/api/models/ProsusAI/finbert "HTTP/1.1 200 OK"
2026-02-28 19:39:55,110 - httpx - INFO - HTTP Request: GET https://huggingface.co/api/models/ProsusAI/finbert/commits/main "HTTP/1.1 200 OK"
2026-02-28 19:39:55,177 - httpx - INFO - HTTP Request: GET https://huggingface.co/api/models/ProsusAI/finbert/discussions?p=0 "HTTP/1.1 200 OK"
2026-02-28 19:39:55,249 - httpx - INFO - HTTP Request: GET https://huggingface.co/api/models/ProsusAI/finbert/commits/refs%2Fpr%2F29 "HTTP/1.1 200 OK"
2026-02-28 19:39:55,279 - scoring - INFO - Sentiment model loaded successfully
2026-02-28 19:39:55,279 - database - INFO - Initialized ActianVectorDB targeting localhost:50051
2026-02-28 19:39:55,280 - cortex.transport.pool - INFO - Creating connection pool to localhost:50051 with 3 channels
2026-02-28 19:39:55,282 - cortex.async_client - INFO - Connected to Cortex at localhost:50051
2026-02-28 19:39:55,282 - cortex.client - INFO - Connected to Cortex at localhost:50051
2026-02-28 19:39:55,291 - httpx - INFO - HTTP Request: HEAD https://huggingface.co/ProsusAI/finbert/resolve/refs%2Fpr%2F29/model.safetensors.index.json "HTTP/1.1 404 Not Found"
2026-02-28 19:39:55,303 - database - INFO - Connected to VectorAI DB: VDSS 1.0.0 / VDE 1.0.0
2026-02-28 19:39:55,333 - httpx - INFO - HTTP Request: HEAD https://huggingface.co/ProsusAI/finbert/resolve/refs%2Fpr%2F29/model.safetensors "HTTP/1.1 302 Found"
2026-02-28 19:39:55,371 - database - INFO - Created collection 'news_embeddings' (dim=384, metric=COSINE)
2026-02-28 19:39:55,371 - __main__ - INFO - Pipeline initialized successfully
2026-02-28 19:39:55,371 - __main__ - INFO - Starting sentiment analysis for NVDA
2026-02-28 19:39:55,371 - __main__ - INFO - Step 1: Scraping news articles
2026-02-28 19:39:55,371 - scraper - INFO - Fetching URL: https://finance.yahoo.com/quote/NVDA/news
2026-02-28 19:39:57,881 - scraper - INFO - Fetching URL: https://finance.yahoo.com/quote/NVDA/news
2026-02-28 19:40:00,236 - scraper - INFO - Fetching URL: https://finance.yahoo.com/quote/NVDA/news
2026-02-28 19:40:00,673 - scraper - ERROR - Failed to fetch news for NVDA: 404 Client Error: Not Found for url: https://finance.yahoo.com/quote/NVDA/news/
2026-02-28 19:40:00,673 - __main__ - ERROR - Pipeline failed for NVDA: 404 Client Error: Not Found for url: https://finance.yahoo.com/quote/NVDA/news/
2026-02-28 19:40:00,674 - __main__ - ERROR - Analysis failed: 404 Client Error: Not Found for url: https://finance.yahoo.com/quote/NVDA/news/
2026-02-28 19:40:00,674 - cortex.transport.pool - INFO - Closing connection pool (3 channels)
2026-02-28 19:40:00,675 - cortex.async_client - INFO - Disconnected from Cortex
2026-02-28 19:40:00,675 - cortex.client - INFO - Disconnected from Cortex
2026-02-28 19:40:00,675 - database - INFO - VectorAI DB connection closed
2026-02-28 19:40:00,675 - __main__ - INFO - Pipeline cleanup completed
2026-02-28 19:41:23,859 - __main__ - INFO - Initializing Stock Sentiment Pipeline
2026-02-28 19:41:23,859 - embeddings - INFO - Loading embedding model: all-MiniLM-L6-v2
2026-02-28 19:41:23,874 - sentence_transformers.SentenceTransformer - INFO - Use pytorch device_name: mps
2026-02-28 19:41:23,874 - sentence_transformers.SentenceTransformer - INFO - Load pretrained SentenceTransformer: all-MiniLM-L6-v2
2026-02-28 19:41:23,964 - httpx - INFO - HTTP Request: HEAD https://huggingface.co/sentence-transformers/all-MiniLM-L6-v2/resolve/main/modules.json "HTTP/1.1 307 Temporary Redirect"
2026-02-28 19:41:23,978 - httpx - INFO - HTTP Request: HEAD https://huggingface.co/api/resolve-cache/models/sentence-transformers/all-MiniLM-L6-v2/c9745ed1d9f207416be6d2e6f8de32d1f16199bf/modules.json "HTTP/1.1 200 OK"
2026-02-28 19:41:24,022 - httpx - INFO - HTTP Request: HEAD https://huggingface.co/sentence-transformers/all-MiniLM-L6-v2/resolve/main/config_sentence_transformers.json "HTTP/1.1 307 Temporary Redirect"
2026-02-28 19:41:24,034 - httpx - INFO - HTTP Request: HEAD https://huggingface.co/api/resolve-cache/models/sentence-transformers/all-MiniLM-L6-v2/c9745ed1d9f207416be6d2e6f8de32d1f16199bf/config_sentence_transformers.json "HTTP/1.1 200 OK"
2026-02-28 19:41:24,074 - httpx - INFO - HTTP Request: HEAD https://huggingface.co/sentence-transformers/all-MiniLM-L6-v2/resolve/main/config_sentence_transformers.json "HTTP/1.1 307 Temporary Redirect"
2026-02-28 19:41:24,074 - huggingface_hub.utils._http - WARNING - Warning: You are sending unauthenticated requests to the HF Hub. Please set a HF_TOKEN to enable higher rate limits and faster downloads.
2026-02-28 19:41:24,086 - httpx - INFO - HTTP Request: HEAD https://huggingface.co/api/resolve-cache/models/sentence-transformers/all-MiniLM-L6-v2/c9745ed1d9f207416be6d2e6f8de32d1f16199bf/config_sentence_transformers.json "HTTP/1.1 200 OK"
2026-02-28 19:41:24,127 - httpx - INFO - HTTP Request: HEAD https://huggingface.co/sentence-transformers/all-MiniLM-L6-v2/resolve/main/README.md "HTTP/1.1 307 Temporary Redirect"
2026-02-28 19:41:24,139 - httpx - INFO - HTTP Request: HEAD https://huggingface.co/api/resolve-cache/models/sentence-transformers/all-MiniLM-L6-v2/c9745ed1d9f207416be6d2e6f8de32d1f16199bf/README.md "HTTP/1.1 200 OK"
2026-02-28 19:41:24,181 - httpx - INFO - HTTP Request: HEAD https://huggingface.co/sentence-transformers/all-MiniLM-L6-v2/resolve/main/modules.json "HTTP/1.1 307 Temporary Redirect"
2026-02-28 19:41:24,193 - httpx - INFO - HTTP Request: HEAD https://huggingface.co/api/resolve-cache/models/sentence-transformers/all-MiniLM-L6-v2/c9745ed1d9f207416be6d2e6f8de32d1f16199bf/modules.json "HTTP/1.1 200 OK"
2026-02-28 19:41:24,237 - httpx - INFO - HTTP Request: HEAD https://huggingface.co/sentence-transformers/all-MiniLM-L6-v2/resolve/main/sentence_bert_config.json "HTTP/1.1 307 Temporary Redirect"
2026-02-28 19:41:24,250 - httpx - INFO - HTTP Request: HEAD https://huggingface.co/api/resolve-cache/models/sentence-transformers/all-MiniLM-L6-v2/c9745ed1d9f207416be6d2e6f8de32d1f16199bf/sentence_bert_config.json "HTTP/1.1 200 OK"
2026-02-28 19:41:24,295 - httpx - INFO - HTTP Request: HEAD https://huggingface.co/sentence-transformers/all-MiniLM-L6-v2/resolve/main/adapter_config.json "HTTP/1.1 404 Not Found"
2026-02-28 19:41:24,343 - httpx - INFO - HTTP Request: HEAD https://huggingface.co/sentence-transformers/all-MiniLM-L6-v2/resolve/main/config.json "HTTP/1.1 307 Temporary Redirect"
2026-02-28 19:41:24,358 - httpx - INFO - HTTP Request: HEAD https://huggingface.co/api/resolve-cache/models/sentence-transformers/all-MiniLM-L6-v2/c9745ed1d9f207416be6d2e6f8de32d1f16199bf/config.json "HTTP/1.1 200 OK"
2026-02-28 19:41:24,483 - httpx - INFO - HTTP Request: HEAD https://huggingface.co/sentence-transformers/all-MiniLM-L6-v2/resolve/main/config.json "HTTP/1.1 307 Temporary Redirect"
2026-02-28 19:41:24,493 - httpx - INFO - HTTP Request: HEAD https://huggingface.co/api/resolve-cache/models/sentence-transformers/all-MiniLM-L6-v2/c9745ed1d9f207416be6d2e6f8de32d1f16199bf/config.json "HTTP/1.1 200 OK"
2026-02-28 19:41:24,536 - httpx - INFO - HTTP Request: HEAD https://huggingface.co/sentence-transformers/all-MiniLM-L6-v2/resolve/main/tokenizer_config.json "HTTP/1.1 307 Temporary Redirect"
2026-02-28 19:41:24,548 - httpx - INFO - HTTP Request: HEAD https://huggingface.co/api/resolve-cache/models/sentence-transformers/all-MiniLM-L6-v2/c9745ed1d9f207416be6d2e6f8de32d1f16199bf/tokenizer_config.json "HTTP/1.1 200 OK"
2026-02-28 19:41:24,596 - httpx - INFO - HTTP Request: GET https://huggingface.co/api/models/sentence-transformers/all-MiniLM-L6-v2/tree/main/additional_chat_templates?recursive=false&expand=false "HTTP/1.1 404 Not Found"
2026-02-28 19:41:24,641 - httpx - INFO - HTTP Request: GET https://huggingface.co/api/models/sentence-transformers/all-MiniLM-L6-v2/tree/main?recursive=true&expand=false "HTTP/1.1 200 OK"
2026-02-28 19:41:24,734 - httpx - INFO - HTTP Request: HEAD https://huggingface.co/sentence-transformers/all-MiniLM-L6-v2/resolve/main/1_Pooling/config.json "HTTP/1.1 307 Temporary Redirect"
2026-02-28 19:41:24,746 - httpx - INFO - HTTP Request: HEAD https://huggingface.co/api/resolve-cache/models/sentence-transformers/all-MiniLM-L6-v2/c9745ed1d9f207416be6d2e6f8de32d1f16199bf/1_Pooling%2Fconfig.json "HTTP/1.1 200 OK"
2026-02-28 19:41:24,794 - httpx - INFO - HTTP Request: GET https://huggingface.co/api/models/sentence-transformers/all-MiniLM-L6-v2 "HTTP/1.1 200 OK"
2026-02-28 19:41:25,161 - embeddings - INFO - Model loaded. Embedding dimension: 384
2026-02-28 19:41:25,161 - scoring - INFO - Loading sentiment model: ProsusAI/finbert
2026-02-28 19:41:25,210 - httpx - INFO - HTTP Request: HEAD https://huggingface.co/ProsusAI/finbert/resolve/main/config.json "HTTP/1.1 307 Temporary Redirect"
2026-02-28 19:41:25,222 - httpx - INFO - HTTP Request: HEAD https://huggingface.co/api/resolve-cache/models/ProsusAI/finbert/4556d13015211d73dccd3fdd39d39232506f3e43/config.json "HTTP/1.1 200 OK"
2026-02-28 19:41:25,261 - httpx - INFO - HTTP Request: HEAD https://huggingface.co/ProsusAI/finbert/resolve/main/tokenizer_config.json "HTTP/1.1 307 Temporary Redirect"
2026-02-28 19:41:25,273 - httpx - INFO - HTTP Request: HEAD https://huggingface.co/api/resolve-cache/models/ProsusAI/finbert/4556d13015211d73dccd3fdd39d39232506f3e43/tokenizer_config.json "HTTP/1.1 200 OK"
2026-02-28 19:41:25,317 - httpx - INFO - HTTP Request: GET https://huggingface.co/api/models/ProsusAI/finbert/tree/main/additional_chat_templates?recursive=false&expand=false "HTTP/1.1 404 Not Found"
2026-02-28 19:41:25,360 - httpx - INFO - HTTP Request: GET https://huggingface.co/api/models/ProsusAI/finbert/tree/main?recursive=true&expand=false "HTTP/1.1 200 OK"
2026-02-28 19:41:25,414 - httpx - INFO - HTTP Request: HEAD https://huggingface.co/ProsusAI/finbert/resolve/main/config.json "HTTP/1.1 307 Temporary Redirect"
2026-02-28 19:41:25,425 - httpx - INFO - HTTP Request: HEAD https://huggingface.co/api/resolve-cache/models/ProsusAI/finbert/4556d13015211d73dccd3fdd39d39232506f3e43/config.json "HTTP/1.1 200 OK"
2026-02-28 19:41:25,471 - httpx - INFO - HTTP Request: HEAD https://huggingface.co/ProsusAI/finbert/resolve/main/model.safetensors "HTTP/1.1 404 Not Found"
2026-02-28 19:41:25,566 - httpx - INFO - HTTP Request: GET https://huggingface.co/api/models/ProsusAI/finbert "HTTP/1.1 200 OK"
2026-02-28 19:41:25,700 - httpx - INFO - HTTP Request: GET https://huggingface.co/api/models/ProsusAI/finbert/commits/main "HTTP/1.1 200 OK"
2026-02-28 19:41:25,816 - httpx - INFO - HTTP Request: GET https://huggingface.co/api/models/ProsusAI/finbert/discussions?p=0 "HTTP/1.1 200 OK"
2026-02-28 19:41:25,852 - scoring - INFO - Sentiment model loaded successfully
2026-02-28 19:41:25,853 - database - INFO - Initialized ActianVectorDB targeting localhost:50051
2026-02-28 19:41:25,853 - cortex.transport.pool - INFO - Creating connection pool to localhost:50051 with 3 channels
2026-02-28 19:41:25,856 - cortex.async_client - INFO - Connected to Cortex at localhost:50051
2026-02-28 19:41:25,856 - cortex.client - INFO - Connected to Cortex at localhost:50051
2026-02-28 19:41:25,873 - database - INFO - Connected to VectorAI DB: VDSS 1.0.0 / VDE 1.0.0
2026-02-28 19:41:25,875 - database - INFO - Collection 'news_embeddings' already exists
2026-02-28 19:41:25,875 - __main__ - INFO - Pipeline initialized successfully
2026-02-28 19:41:25,875 - __main__ - INFO - Starting sentiment analysis for NVDA
2026-02-28 19:41:25,875 - __main__ - INFO - Step 1: Scraping news articles
2026-02-28 19:41:25,875 - scraper - INFO - Fetching URL: https://feeds.finance.yahoo.com/rss/2.0/headline?s=NVDA&region=US&lang=en-US
2026-02-28 19:41:25,881 - httpx - INFO - HTTP Request: GET https://huggingface.co/api/models/ProsusAI/finbert/commits/refs%2Fpr%2F29 "HTTP/1.1 200 OK"
2026-02-28 19:41:25,928 - httpx - INFO - HTTP Request: HEAD https://huggingface.co/ProsusAI/finbert/resolve/refs%2Fpr%2F29/model.safetensors.index.json "HTTP/1.1 404 Not Found"
2026-02-28 19:41:25,972 - httpx - INFO - HTTP Request: HEAD https://huggingface.co/ProsusAI/finbert/resolve/refs%2Fpr%2F29/model.safetensors "HTTP/1.1 302 Found"
2026-02-28 19:41:26,024 - scraper - INFO - Scraped 20 articles from RSS feed for NVDA
2026-02-28 19:41:26,025 - scraper - INFO - Successfully scraped 20 articles for NVDA
2026-02-28 19:41:26,025 - __main__ - INFO - Scraped 10 articles
2026-02-28 19:41:26,025 - __main__ - INFO - Step 2: Generating embeddings
2026-02-28 19:41:26,025 - embeddings - INFO - Generating embeddings for 10 articles
2026-02-28 19:41:27,483 - embeddings - INFO - Generated embeddings with shape: (10, 384)
2026-02-28 19:41:27,483 - __main__ - INFO - Generated embeddings with shape (10, 384)
2026-02-28 19:41:27,483 - __main__ - INFO - Step 3: Storing embeddings in VectorAI DB
2026-02-28 19:41:27,574 - database - INFO - Inserted 10 embeddings for NVDA
2026-02-28 19:41:27,574 - __main__ - INFO - Inserted 10 records into database
2026-02-28 19:41:27,574 - __main__ - INFO - Step 4: Analyzing sentiment
2026-02-28 19:41:27,574 - scoring - INFO - Analyzing sentiment for 10 articles
2026-02-28 19:41:28,225 - scoring - INFO - Completed sentiment analysis for 10 articles
2026-02-28 19:41:28,225 - __main__ - INFO - Step 5: Calculating aggregate score
2026-02-28 19:41:28,225 - scoring - INFO - Aggregate sentiment score: -0.0363
2026-02-28 19:41:28,225 - __main__ - INFO - Step 6: Generating tip sheet
2026-02-28 19:41:28,225 - __main__ - INFO - Pipeline completed successfully for NVDA
2026-02-28 19:41:28,225 - cortex.transport.pool - INFO - Closing connection pool (3 channels)
2026-02-28 19:41:28,226 - cortex.async_client - INFO - Disconnected from Cortex
2026-02-28 19:41:28,226 - cortex.client - INFO - Disconnected from Cortex
2026-02-28 19:41:28,226 - database - INFO - VectorAI DB connection closed
2026-02-28 19:41:28,226 - __main__ - INFO - Pipeline cleanup completed
2026-02-28 19:42:12,943 - __main__ - INFO - Initializing Stock Sentiment Pipeline
2026-02-28 19:42:12,943 - embeddings - INFO - Loading embedding model: all-MiniLM-L6-v2
2026-02-28 19:42:12,956 - sentence_transformers.SentenceTransformer - INFO - Use pytorch device_name: mps
2026-02-28 19:42:12,956 - sentence_transformers.SentenceTransformer - INFO - Load pretrained SentenceTransformer: all-MiniLM-L6-v2
2026-02-28 19:42:13,042 - httpx - INFO - HTTP Request: HEAD https://huggingface.co/sentence-transformers/all-MiniLM-L6-v2/resolve/main/modules.json "HTTP/1.1 307 Temporary Redirect"
2026-02-28 19:42:13,057 - httpx - INFO - HTTP Request: HEAD https://huggingface.co/api/resolve-cache/models/sentence-transformers/all-MiniLM-L6-v2/c9745ed1d9f207416be6d2e6f8de32d1f16199bf/modules.json "HTTP/1.1 200 OK"
2026-02-28 19:42:13,103 - httpx - INFO - HTTP Request: HEAD https://huggingface.co/sentence-transformers/all-MiniLM-L6-v2/resolve/main/config_sentence_transformers.json "HTTP/1.1 307 Temporary Redirect"
2026-02-28 19:42:13,116 - httpx - INFO - HTTP Request: HEAD https://huggingface.co/api/resolve-cache/models/sentence-transformers/all-MiniLM-L6-v2/c9745ed1d9f207416be6d2e6f8de32d1f16199bf/config_sentence_transformers.json "HTTP/1.1 200 OK"
2026-02-28 19:42:13,165 - httpx - INFO - HTTP Request: HEAD https://huggingface.co/sentence-transformers/all-MiniLM-L6-v2/resolve/main/config_sentence_transformers.json "HTTP/1.1 307 Temporary Redirect"
2026-02-28 19:42:13,180 - httpx - INFO - HTTP Request: HEAD https://huggingface.co/api/resolve-cache/models/sentence-transformers/all-MiniLM-L6-v2/c9745ed1d9f207416be6d2e6f8de32d1f16199bf/config_sentence_transformers.json "HTTP/1.1 200 OK"
2026-02-28 19:42:13,223 - httpx - INFO - HTTP Request: HEAD https://huggingface.co/sentence-transformers/all-MiniLM-L6-v2/resolve/main/README.md "HTTP/1.1 307 Temporary Redirect"
2026-02-28 19:42:13,239 - httpx - INFO - HTTP Request: HEAD https://huggingface.co/api/resolve-cache/models/sentence-transformers/all-MiniLM-L6-v2/c9745ed1d9f207416be6d2e6f8de32d1f16199bf/README.md "HTTP/1.1 200 OK"
2026-02-28 19:42:13,282 - httpx - INFO - HTTP Request: HEAD https://huggingface.co/sentence-transformers/all-MiniLM-L6-v2/resolve/main/modules.json "HTTP/1.1 307 Temporary Redirect"
2026-02-28 19:42:13,296 - httpx - INFO - HTTP Request: HEAD https://huggingface.co/api/resolve-cache/models/sentence-transformers/all-MiniLM-L6-v2/c9745ed1d9f207416be6d2e6f8de32d1f16199bf/modules.json "HTTP/1.1 200 OK"
2026-02-28 19:42:13,337 - httpx - INFO - HTTP Request: HEAD https://huggingface.co/sentence-transformers/all-MiniLM-L6-v2/resolve/main/sentence_bert_config.json "HTTP/1.1 307 Temporary Redirect"
2026-02-28 19:42:13,338 - huggingface_hub.utils._http - WARNING - Warning: You are sending unauthenticated requests to the HF Hub. Please set a HF_TOKEN to enable higher rate limits and faster downloads.
2026-02-28 19:42:13,353 - httpx - INFO - HTTP Request: HEAD https://huggingface.co/api/resolve-cache/models/sentence-transformers/all-MiniLM-L6-v2/c9745ed1d9f207416be6d2e6f8de32d1f16199bf/sentence_bert_config.json "HTTP/1.1 200 OK"
2026-02-28 19:42:13,408 - httpx - INFO - HTTP Request: HEAD https://huggingface.co/sentence-transformers/all-MiniLM-L6-v2/resolve/main/adapter_config.json "HTTP/1.1 404 Not Found"
2026-02-28 19:42:13,452 - httpx - INFO - HTTP Request: HEAD https://huggingface.co/sentence-transformers/all-MiniLM-L6-v2/resolve/main/config.json "HTTP/1.1 307 Temporary Redirect"
2026-02-28 19:42:13,466 - httpx - INFO - HTTP Request: HEAD https://huggingface.co/api/resolve-cache/models/sentence-transformers/all-MiniLM-L6-v2/c9745ed1d9f207416be6d2e6f8de32d1f16199bf/config.json "HTTP/1.1 200 OK"
2026-02-28 19:42:13,596 - httpx - INFO - HTTP Request: HEAD https://huggingface.co/sentence-transformers/all-MiniLM-L6-v2/resolve/main/config.json "HTTP/1.1 307 Temporary Redirect"
2026-02-28 19:42:13,611 - httpx - INFO - HTTP Request: HEAD https://huggingface.co/api/resolve-cache/models/sentence-transformers/all-MiniLM-L6-v2/c9745ed1d9f207416be6d2e6f8de32d1f16199bf/config.json "HTTP/1.1 200 OK"
2026-02-28 19:42:13,658 - httpx - INFO - HTTP Request: HEAD https://huggingface.co/sentence-transformers/all-MiniLM-L6-v2/resolve/main/tokenizer_config.json "HTTP/1.1 307 Temporary Redirect"
2026-02-28 19:42:13,670 - httpx - INFO - HTTP Request: HEAD https://huggingface.co/api/resolve-cache/models/sentence-transformers/all-MiniLM-L6-v2/c9745ed1d9f207416be6d2e6f8de32d1f16199bf/tokenizer_config.json "HTTP/1.1 200 OK"
2026-02-28 19:42:13,722 - httpx - INFO - HTTP Request: GET https://huggingface.co/api/models/sentence-transformers/all-MiniLM-L6-v2/tree/main/additional_chat_templates?recursive=false&expand=false "HTTP/1.1 404 Not Found"
2026-02-28 19:42:13,773 - httpx - INFO - HTTP Request: GET https://huggingface.co/api/models/sentence-transformers/all-MiniLM-L6-v2/tree/main?recursive=true&expand=false "HTTP/1.1 200 OK"
2026-02-28 19:42:13,859 - httpx - INFO - HTTP Request: HEAD https://huggingface.co/sentence-transformers/all-MiniLM-L6-v2/resolve/main/1_Pooling/config.json "HTTP/1.1 307 Temporary Redirect"
2026-02-28 19:42:13,872 - httpx - INFO - HTTP Request: HEAD https://huggingface.co/api/resolve-cache/models/sentence-transformers/all-MiniLM-L6-v2/c9745ed1d9f207416be6d2e6f8de32d1f16199bf/1_Pooling%2Fconfig.json "HTTP/1.1 200 OK"
2026-02-28 19:42:13,922 - httpx - INFO - HTTP Request: GET https://huggingface.co/api/models/sentence-transformers/all-MiniLM-L6-v2 "HTTP/1.1 200 OK"
2026-02-28 19:42:14,253 - embeddings - INFO - Model loaded. Embedding dimension: 384
2026-02-28 19:42:14,253 - scoring - INFO - Loading sentiment model: ProsusAI/finbert
2026-02-28 19:42:14,299 - httpx - INFO - HTTP Request: HEAD https://huggingface.co/ProsusAI/finbert/resolve/main/config.json "HTTP/1.1 307 Temporary Redirect"
2026-02-28 19:42:14,316 - httpx - INFO - HTTP Request: HEAD https://huggingface.co/api/resolve-cache/models/ProsusAI/finbert/4556d13015211d73dccd3fdd39d39232506f3e43/config.json "HTTP/1.1 200 OK"
2026-02-28 19:42:14,357 - httpx - INFO - HTTP Request: HEAD https://huggingface.co/ProsusAI/finbert/resolve/main/tokenizer_config.json "HTTP/1.1 307 Temporary Redirect"
2026-02-28 19:42:14,372 - httpx - INFO - HTTP Request: HEAD https://huggingface.co/api/resolve-cache/models/ProsusAI/finbert/4556d13015211d73dccd3fdd39d39232506f3e43/tokenizer_config.json "HTTP/1.1 200 OK"
2026-02-28 19:42:14,419 - httpx - INFO - HTTP Request: GET https://huggingface.co/api/models/ProsusAI/finbert/tree/main/additional_chat_templates?recursive=false&expand=false "HTTP/1.1 404 Not Found"
2026-02-28 19:42:14,463 - httpx - INFO - HTTP Request: GET https://huggingface.co/api/models/ProsusAI/finbert/tree/main?recursive=true&expand=false "HTTP/1.1 200 OK"
2026-02-28 19:42:14,525 - httpx - INFO - HTTP Request: HEAD https://huggingface.co/ProsusAI/finbert/resolve/main/config.json "HTTP/1.1 307 Temporary Redirect"
2026-02-28 19:42:14,541 - httpx - INFO - HTTP Request: HEAD https://huggingface.co/api/resolve-cache/models/ProsusAI/finbert/4556d13015211d73dccd3fdd39d39232506f3e43/config.json "HTTP/1.1 200 OK"
2026-02-28 19:42:14,587 - httpx - INFO - HTTP Request: HEAD https://huggingface.co/ProsusAI/finbert/resolve/main/model.safetensors "HTTP/1.1 404 Not Found"
2026-02-28 19:42:14,686 - httpx - INFO - HTTP Request: GET https://huggingface.co/api/models/ProsusAI/finbert "HTTP/1.1 200 OK"
2026-02-28 19:42:14,818 - httpx - INFO - HTTP Request: GET https://huggingface.co/api/models/ProsusAI/finbert/commits/main "HTTP/1.1 200 OK"
2026-02-28 19:42:14,923 - httpx - INFO - HTTP Request: GET https://huggingface.co/api/models/ProsusAI/finbert/discussions?p=0 "HTTP/1.1 200 OK"
2026-02-28 19:42:14,964 - scoring - INFO - Sentiment model loaded successfully
2026-02-28 19:42:14,964 - database - INFO - Initialized ActianVectorDB targeting localhost:50051
2026-02-28 19:42:14,964 - cortex.transport.pool - INFO - Creating connection pool to localhost:50051 with 3 channels
2026-02-28 19:42:14,965 - cortex.async_client - INFO - Connected to Cortex at localhost:50051
2026-02-28 19:42:14,965 - cortex.client - INFO - Connected to Cortex at localhost:50051
2026-02-28 19:42:14,980 - database - INFO - Connected to VectorAI DB: VDSS 1.0.0 / VDE 1.0.0
2026-02-28 19:42:14,982 - httpx - INFO - HTTP Request: GET https://huggingface.co/api/models/ProsusAI/finbert/commits/refs%2Fpr%2F29 "HTTP/1.1 200 OK"
2026-02-28 19:42:14,983 - database - INFO - Collection 'news_embeddings' already exists
2026-02-28 19:42:14,983 - __main__ - INFO - Pipeline initialized successfully
2026-02-28 19:42:14,983 - __main__ - INFO - Starting sentiment analysis for NVDA
2026-02-28 19:42:14,983 - __main__ - INFO - Step 1: Scraping news articles
2026-02-28 19:42:14,983 - scraper - INFO - Fetching URL: https://feeds.finance.yahoo.com/rss/2.0/headline?s=NVDA&region=US&lang=en-US
2026-02-28 19:42:15,026 - httpx - INFO - HTTP Request: HEAD https://huggingface.co/ProsusAI/finbert/resolve/refs%2Fpr%2F29/model.safetensors.index.json "HTTP/1.1 404 Not Found"
2026-02-28 19:42:15,070 - httpx - INFO - HTTP Request: HEAD https://huggingface.co/ProsusAI/finbert/resolve/refs%2Fpr%2F29/model.safetensors "HTTP/1.1 302 Found"
2026-02-28 19:42:15,103 - scraper - INFO - Scraped 20 articles from RSS feed for NVDA
2026-02-28 19:42:15,103 - scraper - INFO - Successfully scraped 20 articles for NVDA
2026-02-28 19:42:15,103 - __main__ - INFO - Scraped 10 articles
2026-02-28 19:42:15,103 - __main__ - INFO - Step 2: Generating embeddings
2026-02-28 19:42:15,103 - embeddings - INFO - Generating embeddings for 10 articles
2026-02-28 19:42:15,217 - embeddings - INFO - Generated embeddings with shape: (10, 384)
2026-02-28 19:42:15,217 - __main__ - INFO - Generated embeddings with shape (10, 384)
2026-02-28 19:42:15,217 - __main__ - INFO - Step 3: Storing embeddings in VectorAI DB
2026-02-28 19:42:15,286 - database - INFO - Inserted 10 embeddings for NVDA
2026-02-28 19:42:15,286 - __main__ - INFO - Inserted 10 records into database
2026-02-28 19:42:15,286 - __main__ - INFO - Step 4: Analyzing sentiment
2026-02-28 19:42:15,286 - scoring - INFO - Analyzing sentiment for 10 articles
2026-02-28 19:42:15,496 - scoring - INFO - Completed sentiment analysis for 10 articles
2026-02-28 19:42:15,496 - __main__ - INFO - Step 5: Calculating aggregate score
2026-02-28 19:42:15,496 - scoring - INFO - Aggregate sentiment score: -0.0363
2026-02-28 19:42:15,496 - __main__ - INFO - Step 6: Generating tip sheet
2026-02-28 19:42:15,496 - __main__ - INFO - Pipeline completed successfully for NVDA
2026-02-28 19:42:15,496 - cortex.transport.pool - INFO - Closing connection pool (3 channels)
2026-02-28 19:42:15,496 - cortex.async_client - INFO - Disconnected from Cortex
2026-02-28 19:42:15,496 - cortex.client - INFO - Disconnected from Cortex
2026-02-28 19:42:15,496 - database - INFO - VectorAI DB connection closed
2026-02-28 19:42:15,496 - __main__ - INFO - Pipeline cleanup completed
2026-02-28 19:43:14,641 - __main__ - INFO - Initializing Stock Sentiment Pipeline
2026-02-28 19:43:14,642 - embeddings - INFO - Loading embedding model: all-MiniLM-L6-v2
2026-02-28 19:43:14,661 - sentence_transformers.SentenceTransformer - INFO - Use pytorch device_name: mps
2026-02-28 19:43:14,661 - sentence_transformers.SentenceTransformer - INFO - Load pretrained SentenceTransformer: all-MiniLM-L6-v2
2026-02-28 19:43:14,791 - httpx - INFO - HTTP Request: HEAD https://huggingface.co/sentence-transformers/all-MiniLM-L6-v2/resolve/main/modules.json "HTTP/1.1 307 Temporary Redirect"
2026-02-28 19:43:14,803 - httpx - INFO - HTTP Request: HEAD https://huggingface.co/api/resolve-cache/models/sentence-transformers/all-MiniLM-L6-v2/c9745ed1d9f207416be6d2e6f8de32d1f16199bf/modules.json "HTTP/1.1 200 OK"
2026-02-28 19:43:14,847 - httpx - INFO - HTTP Request: HEAD https://huggingface.co/sentence-transformers/all-MiniLM-L6-v2/resolve/main/config_sentence_transformers.json "HTTP/1.1 307 Temporary Redirect"
2026-02-28 19:43:14,858 - httpx - INFO - HTTP Request: HEAD https://huggingface.co/api/resolve-cache/models/sentence-transformers/all-MiniLM-L6-v2/c9745ed1d9f207416be6d2e6f8de32d1f16199bf/config_sentence_transformers.json "HTTP/1.1 200 OK"
2026-02-28 19:43:14,898 - httpx - INFO - HTTP Request: HEAD https://huggingface.co/sentence-transformers/all-MiniLM-L6-v2/resolve/main/config_sentence_transformers.json "HTTP/1.1 307 Temporary Redirect"
2026-02-28 19:43:14,909 - httpx - INFO - HTTP Request: HEAD https://huggingface.co/api/resolve-cache/models/sentence-transformers/all-MiniLM-L6-v2/c9745ed1d9f207416be6d2e6f8de32d1f16199bf/config_sentence_transformers.json "HTTP/1.1 200 OK"
2026-02-28 19:43:14,949 - httpx - INFO - HTTP Request: HEAD https://huggingface.co/sentence-transformers/all-MiniLM-L6-v2/resolve/main/README.md "HTTP/1.1 307 Temporary Redirect"
2026-02-28 19:43:14,961 - httpx - INFO - HTTP Request: HEAD https://huggingface.co/api/resolve-cache/models/sentence-transformers/all-MiniLM-L6-v2/c9745ed1d9f207416be6d2e6f8de32d1f16199bf/README.md "HTTP/1.1 200 OK"
2026-02-28 19:43:15,002 - httpx - INFO - HTTP Request: HEAD https://huggingface.co/sentence-transformers/all-MiniLM-L6-v2/resolve/main/modules.json "HTTP/1.1 307 Temporary Redirect"
2026-02-28 19:43:15,014 - httpx - INFO - HTTP Request: HEAD https://huggingface.co/api/resolve-cache/models/sentence-transformers/all-MiniLM-L6-v2/c9745ed1d9f207416be6d2e6f8de32d1f16199bf/modules.json "HTTP/1.1 200 OK"
2026-02-28 19:43:15,055 - httpx - INFO - HTTP Request: HEAD https://huggingface.co/sentence-transformers/all-MiniLM-L6-v2/resolve/main/sentence_bert_config.json "HTTP/1.1 307 Temporary Redirect"
2026-02-28 19:43:15,067 - httpx - INFO - HTTP Request: HEAD https://huggingface.co/api/resolve-cache/models/sentence-transformers/all-MiniLM-L6-v2/c9745ed1d9f207416be6d2e6f8de32d1f16199bf/sentence_bert_config.json "HTTP/1.1 200 OK"
2026-02-28 19:43:15,114 - httpx - INFO - HTTP Request: HEAD https://huggingface.co/sentence-transformers/all-MiniLM-L6-v2/resolve/main/adapter_config.json "HTTP/1.1 404 Not Found"
2026-02-28 19:43:15,156 - httpx - INFO - HTTP Request: HEAD https://huggingface.co/sentence-transformers/all-MiniLM-L6-v2/resolve/main/config.json "HTTP/1.1 307 Temporary Redirect"
2026-02-28 19:43:15,171 - httpx - INFO - HTTP Request: HEAD https://huggingface.co/api/resolve-cache/models/sentence-transformers/all-MiniLM-L6-v2/c9745ed1d9f207416be6d2e6f8de32d1f16199bf/config.json "HTTP/1.1 200 OK"
2026-02-28 19:43:15,289 - httpx - INFO - HTTP Request: HEAD https://huggingface.co/sentence-transformers/all-MiniLM-L6-v2/resolve/main/config.json "HTTP/1.1 307 Temporary Redirect"
2026-02-28 19:43:15,301 - httpx - INFO - HTTP Request: HEAD https://huggingface.co/api/resolve-cache/models/sentence-transformers/all-MiniLM-L6-v2/c9745ed1d9f207416be6d2e6f8de32d1f16199bf/config.json "HTTP/1.1 200 OK"
2026-02-28 19:43:15,341 - httpx - INFO - HTTP Request: HEAD https://huggingface.co/sentence-transformers/all-MiniLM-L6-v2/resolve/main/tokenizer_config.json "HTTP/1.1 307 Temporary Redirect"
2026-02-28 19:43:15,352 - httpx - INFO - HTTP Request: HEAD https://huggingface.co/api/resolve-cache/models/sentence-transformers/all-MiniLM-L6-v2/c9745ed1d9f207416be6d2e6f8de32d1f16199bf/tokenizer_config.json "HTTP/1.1 200 OK"
2026-02-28 19:43:15,401 - httpx - INFO - HTTP Request: GET https://huggingface.co/api/models/sentence-transformers/all-MiniLM-L6-v2/tree/main/additional_chat_templates?recursive=false&expand=false "HTTP/1.1 404 Not Found"
2026-02-28 19:43:15,452 - httpx - INFO - HTTP Request: GET https://huggingface.co/api/models/sentence-transformers/all-MiniLM-L6-v2/tree/main?recursive=true&expand=false "HTTP/1.1 200 OK"
2026-02-28 19:43:15,537 - httpx - INFO - HTTP Request: HEAD https://huggingface.co/sentence-transformers/all-MiniLM-L6-v2/resolve/main/1_Pooling/config.json "HTTP/1.1 307 Temporary Redirect"
2026-02-28 19:43:15,549 - httpx - INFO - HTTP Request: HEAD https://huggingface.co/api/resolve-cache/models/sentence-transformers/all-MiniLM-L6-v2/c9745ed1d9f207416be6d2e6f8de32d1f16199bf/1_Pooling%2Fconfig.json "HTTP/1.1 200 OK"
2026-02-28 19:43:15,595 - httpx - INFO - HTTP Request: GET https://huggingface.co/api/models/sentence-transformers/all-MiniLM-L6-v2 "HTTP/1.1 200 OK"
2026-02-28 19:43:15,994 - embeddings - INFO - Model loaded. Embedding dimension: 384
2026-02-28 19:43:15,994 - scoring - INFO - Loading sentiment model: ProsusAI/finbert
2026-02-28 19:43:16,035 - httpx - INFO - HTTP Request: HEAD https://huggingface.co/ProsusAI/finbert/resolve/main/config.json "HTTP/1.1 307 Temporary Redirect"
2026-02-28 19:43:16,051 - httpx - INFO - HTTP Request: HEAD https://huggingface.co/api/resolve-cache/models/ProsusAI/finbert/4556d13015211d73dccd3fdd39d39232506f3e43/config.json "HTTP/1.1 200 OK"
2026-02-28 19:43:16,093 - httpx - INFO - HTTP Request: HEAD https://huggingface.co/ProsusAI/finbert/resolve/main/tokenizer_config.json "HTTP/1.1 307 Temporary Redirect"
2026-02-28 19:43:16,108 - httpx - INFO - HTTP Request: HEAD https://huggingface.co/api/resolve-cache/models/ProsusAI/finbert/4556d13015211d73dccd3fdd39d39232506f3e43/tokenizer_config.json "HTTP/1.1 200 OK"
2026-02-28 19:43:16,157 - httpx - INFO - HTTP Request: GET https://huggingface.co/api/models/ProsusAI/finbert/tree/main/additional_chat_templates?recursive=false&expand=false "HTTP/1.1 404 Not Found"
2026-02-28 19:43:16,200 - httpx - INFO - HTTP Request: GET https://huggingface.co/api/models/ProsusAI/finbert/tree/main?recursive=true&expand=false "HTTP/1.1 200 OK"
2026-02-28 19:43:16,246 - httpx - INFO - HTTP Request: HEAD https://huggingface.co/ProsusAI/finbert/resolve/main/config.json "HTTP/1.1 307 Temporary Redirect"
2026-02-28 19:43:16,257 - httpx - INFO - HTTP Request: HEAD https://huggingface.co/api/resolve-cache/models/ProsusAI/finbert/4556d13015211d73dccd3fdd39d39232506f3e43/config.json "HTTP/1.1 200 OK"
2026-02-28 19:43:16,302 - httpx - INFO - HTTP Request: HEAD https://huggingface.co/ProsusAI/finbert/resolve/main/model.safetensors "HTTP/1.1 404 Not Found"
2026-02-28 19:43:16,388 - httpx - INFO - HTTP Request: GET https://huggingface.co/api/models/ProsusAI/finbert "HTTP/1.1 200 OK"
2026-02-28 19:43:16,538 - httpx - INFO - HTTP Request: GET https://huggingface.co/api/models/ProsusAI/finbert/commits/main "HTTP/1.1 200 OK"
2026-02-28 19:43:16,666 - httpx - INFO - HTTP Request: GET https://huggingface.co/api/models/ProsusAI/finbert/discussions?p=0 "HTTP/1.1 200 OK"
2026-02-28 19:43:16,714 - scoring - INFO - Sentiment model loaded successfully
2026-02-28 19:43:16,714 - database - INFO - Initialized ActianVectorDB targeting localhost:50051
2026-02-28 19:43:16,715 - cortex.transport.pool - INFO - Creating connection pool to localhost:50051 with 3 channels
2026-02-28 19:43:16,717 - cortex.async_client - INFO - Connected to Cortex at localhost:50051
2026-02-28 19:43:16,717 - cortex.client - INFO - Connected to Cortex at localhost:50051
2026-02-28 19:43:16,723 - httpx - INFO - HTTP Request: GET https://huggingface.co/api/models/ProsusAI/finbert/commits/refs%2Fpr%2F29 "HTTP/1.1 200 OK"
2026-02-28 19:43:16,730 - database - INFO - Connected to VectorAI DB: VDSS 1.0.0 / VDE 1.0.0
2026-02-28 19:43:16,732 - database - INFO - Collection 'news_embeddings' already exists
2026-02-28 19:43:16,732 - __main__ - INFO - Pipeline initialized successfully
2026-02-28 19:43:16,732 - __main__ - INFO - Starting sentiment analysis for AAPL
2026-02-28 19:43:16,732 - __main__ - INFO - Step 1: Scraping news articles
2026-02-28 19:43:16,732 - scraper - INFO - Fetching URL: https://feeds.finance.yahoo.com/rss/2.0/headline?s=AAPL&region=US&lang=en-US
2026-02-28 19:43:16,768 - httpx - INFO - HTTP Request: HEAD https://huggingface.co/ProsusAI/finbert/resolve/refs%2Fpr%2F29/model.safetensors.index.json "HTTP/1.1 404 Not Found"
2026-02-28 19:43:16,809 - httpx - INFO - HTTP Request: HEAD https://huggingface.co/ProsusAI/finbert/resolve/refs%2Fpr%2F29/model.safetensors "HTTP/1.1 302 Found"
2026-02-28 19:43:16,859 - scraper - INFO - Scraped 20 articles from RSS feed for AAPL
2026-02-28 19:43:16,859 - scraper - INFO - Successfully scraped 20 articles for AAPL
2026-02-28 19:43:16,859 - __main__ - INFO - Scraped 10 articles
2026-02-28 19:43:16,859 - __main__ - INFO - Step 2: Generating embeddings
2026-02-28 19:43:16,859 - embeddings - INFO - Generating embeddings for 10 articles
2026-02-28 19:43:17,135 - embeddings - INFO - Generated embeddings with shape: (10, 384)
2026-02-28 19:43:17,135 - __main__ - INFO - Generated embeddings with shape (10, 384)
2026-02-28 19:43:17,135 - __main__ - INFO - Step 3: Storing embeddings in VectorAI DB
2026-02-28 19:43:17,207 - database - INFO - Inserted 10 embeddings for AAPL
2026-02-28 19:43:17,207 - __main__ - INFO - Inserted 10 records into database
2026-02-28 19:43:17,207 - __main__ - INFO - Step 4: Analyzing sentiment
2026-02-28 19:43:17,207 - scoring - INFO - Analyzing sentiment for 10 articles
2026-02-28 19:43:17,644 - scoring - INFO - Completed sentiment analysis for 10 articles
2026-02-28 19:43:17,644 - __main__ - INFO - Step 5: Calculating aggregate score
2026-02-28 19:43:17,644 - scoring - INFO - Aggregate sentiment score: -0.0203
2026-02-28 19:43:17,644 - __main__ - INFO - Step 6: Generating tip sheet
2026-02-28 19:43:17,644 - __main__ - INFO - Pipeline completed successfully for AAPL
2026-02-28 19:43:17,645 - cortex.transport.pool - INFO - Closing connection pool (3 channels)
2026-02-28 19:43:17,645 - cortex.async_client - INFO - Disconnected from Cortex
2026-02-28 19:43:17,645 - cortex.client - INFO - Disconnected from Cortex
2026-02-28 19:43:17,645 - database - INFO - VectorAI DB connection closed
2026-02-28 19:43:17,645 - __main__ - INFO - Pipeline cleanup completed
2026-02-28 22:59:48,504 - __main__ - INFO - Initializing Stock Sentiment Pipeline
2026-02-28 22:59:48,504 - embeddings - INFO - Loading embedding model: all-MiniLM-L6-v2
2026-02-28 22:59:48,522 - sentence_transformers.SentenceTransformer - INFO - Use pytorch device_name: mps
2026-02-28 22:59:48,522 - sentence_transformers.SentenceTransformer - INFO - Load pretrained SentenceTransformer: all-MiniLM-L6-v2
2026-02-28 22:59:48,606 - httpx - INFO - HTTP Request: HEAD https://huggingface.co/sentence-transformers/all-MiniLM-L6-v2/resolve/main/modules.json "HTTP/1.1 307 Temporary Redirect"
2026-02-28 22:59:48,607 - huggingface_hub.utils._http - WARNING - Warning: You are sending unauthenticated requests to the HF Hub. Please set a HF_TOKEN to enable higher rate limits and faster downloads.
2026-02-28 22:59:48,617 - httpx - INFO - HTTP Request: HEAD https://huggingface.co/api/resolve-cache/models/sentence-transformers/all-MiniLM-L6-v2/c9745ed1d9f207416be6d2e6f8de32d1f16199bf/modules.json "HTTP/1.1 200 OK"
2026-02-28 22:59:48,659 - httpx - INFO - HTTP Request: HEAD https://huggingface.co/sentence-transformers/all-MiniLM-L6-v2/resolve/main/config_sentence_transformers.json "HTTP/1.1 307 Temporary Redirect"
2026-02-28 22:59:48,669 - httpx - INFO - HTTP Request: HEAD https://huggingface.co/api/resolve-cache/models/sentence-transformers/all-MiniLM-L6-v2/c9745ed1d9f207416be6d2e6f8de32d1f16199bf/config_sentence_transformers.json "HTTP/1.1 200 OK"
2026-02-28 22:59:48,712 - httpx - INFO - HTTP Request: HEAD https://huggingface.co/sentence-transformers/all-MiniLM-L6-v2/resolve/main/config_sentence_transformers.json "HTTP/1.1 307 Temporary Redirect"
2026-02-28 22:59:48,722 - httpx - INFO - HTTP Request: HEAD https://huggingface.co/api/resolve-cache/models/sentence-transformers/all-MiniLM-L6-v2/c9745ed1d9f207416be6d2e6f8de32d1f16199bf/config_sentence_transformers.json "HTTP/1.1 200 OK"
2026-02-28 22:59:48,764 - httpx - INFO - HTTP Request: HEAD https://huggingface.co/sentence-transformers/all-MiniLM-L6-v2/resolve/main/README.md "HTTP/1.1 307 Temporary Redirect"
2026-02-28 22:59:48,775 - httpx - INFO - HTTP Request: HEAD https://huggingface.co/api/resolve-cache/models/sentence-transformers/all-MiniLM-L6-v2/c9745ed1d9f207416be6d2e6f8de32d1f16199bf/README.md "HTTP/1.1 200 OK"
2026-02-28 22:59:48,815 - httpx - INFO - HTTP Request: HEAD https://huggingface.co/sentence-transformers/all-MiniLM-L6-v2/resolve/main/modules.json "HTTP/1.1 307 Temporary Redirect"
2026-02-28 22:59:48,826 - httpx - INFO - HTTP Request: HEAD https://huggingface.co/api/resolve-cache/models/sentence-transformers/all-MiniLM-L6-v2/c9745ed1d9f207416be6d2e6f8de32d1f16199bf/modules.json "HTTP/1.1 200 OK"
2026-02-28 22:59:48,866 - httpx - INFO - HTTP Request: HEAD https://huggingface.co/sentence-transformers/all-MiniLM-L6-v2/resolve/main/sentence_bert_config.json "HTTP/1.1 307 Temporary Redirect"
2026-02-28 22:59:48,876 - httpx - INFO - HTTP Request: HEAD https://huggingface.co/api/resolve-cache/models/sentence-transformers/all-MiniLM-L6-v2/c9745ed1d9f207416be6d2e6f8de32d1f16199bf/sentence_bert_config.json "HTTP/1.1 200 OK"
2026-02-28 22:59:48,919 - httpx - INFO - HTTP Request: HEAD https://huggingface.co/sentence-transformers/all-MiniLM-L6-v2/resolve/main/adapter_config.json "HTTP/1.1 404 Not Found"
2026-02-28 22:59:48,961 - httpx - INFO - HTTP Request: HEAD https://huggingface.co/sentence-transformers/all-MiniLM-L6-v2/resolve/main/config.json "HTTP/1.1 307 Temporary Redirect"
2026-02-28 22:59:48,974 - httpx - INFO - HTTP Request: HEAD https://huggingface.co/api/resolve-cache/models/sentence-transformers/all-MiniLM-L6-v2/c9745ed1d9f207416be6d2e6f8de32d1f16199bf/config.json "HTTP/1.1 200 OK"
2026-02-28 22:59:49,104 - httpx - INFO - HTTP Request: HEAD https://huggingface.co/sentence-transformers/all-MiniLM-L6-v2/resolve/main/config.json "HTTP/1.1 307 Temporary Redirect"
2026-02-28 22:59:49,114 - httpx - INFO - HTTP Request: HEAD https://huggingface.co/api/resolve-cache/models/sentence-transformers/all-MiniLM-L6-v2/c9745ed1d9f207416be6d2e6f8de32d1f16199bf/config.json "HTTP/1.1 200 OK"
2026-02-28 22:59:49,151 - httpx - INFO - HTTP Request: HEAD https://huggingface.co/sentence-transformers/all-MiniLM-L6-v2/resolve/main/tokenizer_config.json "HTTP/1.1 307 Temporary Redirect"
2026-02-28 22:59:49,162 - httpx - INFO - HTTP Request: HEAD https://huggingface.co/api/resolve-cache/models/sentence-transformers/all-MiniLM-L6-v2/c9745ed1d9f207416be6d2e6f8de32d1f16199bf/tokenizer_config.json "HTTP/1.1 200 OK"
2026-02-28 22:59:49,208 - httpx - INFO - HTTP Request: GET https://huggingface.co/api/models/sentence-transformers/all-MiniLM-L6-v2/tree/main/additional_chat_templates?recursive=false&expand=false "HTTP/1.1 404 Not Found"
2026-02-28 22:59:49,255 - httpx - INFO - HTTP Request: GET https://huggingface.co/api/models/sentence-transformers/all-MiniLM-L6-v2/tree/main?recursive=true&expand=false "HTTP/1.1 200 OK"
2026-02-28 22:59:49,346 - httpx - INFO - HTTP Request: HEAD https://huggingface.co/sentence-transformers/all-MiniLM-L6-v2/resolve/main/1_Pooling/config.json "HTTP/1.1 307 Temporary Redirect"
2026-02-28 22:59:49,357 - httpx - INFO - HTTP Request: HEAD https://huggingface.co/api/resolve-cache/models/sentence-transformers/all-MiniLM-L6-v2/c9745ed1d9f207416be6d2e6f8de32d1f16199bf/1_Pooling%2Fconfig.json "HTTP/1.1 200 OK"
2026-02-28 22:59:49,405 - httpx - INFO - HTTP Request: GET https://huggingface.co/api/models/sentence-transformers/all-MiniLM-L6-v2 "HTTP/1.1 200 OK"
2026-02-28 22:59:49,788 - embeddings - INFO - Model loaded. Embedding dimension: 384
2026-02-28 22:59:49,788 - scoring - INFO - Loading sentiment model: ProsusAI/finbert
2026-02-28 22:59:49,843 - httpx - INFO - HTTP Request: HEAD https://huggingface.co/ProsusAI/finbert/resolve/main/config.json "HTTP/1.1 307 Temporary Redirect"
2026-02-28 22:59:49,855 - httpx - INFO - HTTP Request: HEAD https://huggingface.co/api/resolve-cache/models/ProsusAI/finbert/4556d13015211d73dccd3fdd39d39232506f3e43/config.json "HTTP/1.1 200 OK"
2026-02-28 22:59:49,866 - httpx - INFO - HTTP Request: GET https://huggingface.co/api/resolve-cache/models/ProsusAI/finbert/4556d13015211d73dccd3fdd39d39232506f3e43/config.json "HTTP/1.1 200 OK"
2026-02-28 22:59:49,905 - httpx - INFO - HTTP Request: HEAD https://huggingface.co/ProsusAI/finbert/resolve/main/tokenizer_config.json "HTTP/1.1 307 Temporary Redirect"
2026-02-28 22:59:49,916 - httpx - INFO - HTTP Request: HEAD https://huggingface.co/api/resolve-cache/models/ProsusAI/finbert/4556d13015211d73dccd3fdd39d39232506f3e43/tokenizer_config.json "HTTP/1.1 200 OK"
2026-02-28 22:59:49,927 - httpx - INFO - HTTP Request: GET https://huggingface.co/api/resolve-cache/models/ProsusAI/finbert/4556d13015211d73dccd3fdd39d39232506f3e43/tokenizer_config.json "HTTP/1.1 200 OK"
2026-02-28 22:59:49,971 - httpx - INFO - HTTP Request: GET https://huggingface.co/api/models/ProsusAI/finbert/tree/main/additional_chat_templates?recursive=false&expand=false "HTTP/1.1 404 Not Found"
2026-02-28 22:59:50,011 - httpx - INFO - HTTP Request: GET https://huggingface.co/api/models/ProsusAI/finbert/tree/main?recursive=true&expand=false "HTTP/1.1 200 OK"
2026-02-28 22:59:50,059 - httpx - INFO - HTTP Request: HEAD https://huggingface.co/ProsusAI/finbert/resolve/main/vocab.txt "HTTP/1.1 307 Temporary Redirect"
2026-02-28 22:59:50,069 - httpx - INFO - HTTP Request: HEAD https://huggingface.co/api/resolve-cache/models/ProsusAI/finbert/4556d13015211d73dccd3fdd39d39232506f3e43/vocab.txt "HTTP/1.1 200 OK"
2026-02-28 22:59:50,082 - httpx - INFO - HTTP Request: GET https://huggingface.co/api/resolve-cache/models/ProsusAI/finbert/4556d13015211d73dccd3fdd39d39232506f3e43/vocab.txt "HTTP/1.1 200 OK"
2026-02-28 22:59:50,134 - httpx - INFO - HTTP Request: HEAD https://huggingface.co/ProsusAI/finbert/resolve/main/tokenizer.json "HTTP/1.1 404 Not Found"
2026-02-28 22:59:50,179 - httpx - INFO - HTTP Request: HEAD https://huggingface.co/ProsusAI/finbert/resolve/main/added_tokens.json "HTTP/1.1 404 Not Found"
2026-02-28 22:59:50,221 - httpx - INFO - HTTP Request: HEAD https://huggingface.co/ProsusAI/finbert/resolve/main/special_tokens_map.json "HTTP/1.1 307 Temporary Redirect"
2026-02-28 22:59:50,233 - httpx - INFO - HTTP Request: HEAD https://huggingface.co/api/resolve-cache/models/ProsusAI/finbert/4556d13015211d73dccd3fdd39d39232506f3e43/special_tokens_map.json "HTTP/1.1 200 OK"
2026-02-28 22:59:50,245 - httpx - INFO - HTTP Request: GET https://huggingface.co/api/resolve-cache/models/ProsusAI/finbert/4556d13015211d73dccd3fdd39d39232506f3e43/special_tokens_map.json "HTTP/1.1 200 OK"
2026-02-28 22:59:50,290 - httpx - INFO - HTTP Request: HEAD https://huggingface.co/ProsusAI/finbert/resolve/main/chat_template.jinja "HTTP/1.1 404 Not Found"
2026-02-28 22:59:50,349 - httpx - INFO - HTTP Request: HEAD https://huggingface.co/ProsusAI/finbert/resolve/main/config.json "HTTP/1.1 307 Temporary Redirect"
2026-02-28 22:59:50,361 - httpx - INFO - HTTP Request: HEAD https://huggingface.co/api/resolve-cache/models/ProsusAI/finbert/4556d13015211d73dccd3fdd39d39232506f3e43/config.json "HTTP/1.1 200 OK"
2026-02-28 22:59:50,409 - httpx - INFO - HTTP Request: HEAD https://huggingface.co/ProsusAI/finbert/resolve/main/model.safetensors "HTTP/1.1 404 Not Found"
2026-02-28 22:59:50,450 - httpx - INFO - HTTP Request: HEAD https://huggingface.co/ProsusAI/finbert/resolve/main/model.safetensors.index.json "HTTP/1.1 404 Not Found"
2026-02-28 22:59:50,495 - httpx - INFO - HTTP Request: HEAD https://huggingface.co/ProsusAI/finbert/resolve/main/pytorch_model.bin "HTTP/1.1 302 Found"
2026-02-28 22:59:50,732 - httpx - INFO - HTTP Request: GET https://huggingface.co/api/models/ProsusAI/finbert/xet-read-token/4556d13015211d73dccd3fdd39d39232506f3e43 "HTTP/1.1 200 OK"
2026-02-28 23:00:03,214 - httpx - INFO - HTTP Request: HEAD https://huggingface.co/ProsusAI/finbert/resolve/main/model.safetensors "HTTP/1.1 404 Not Found"
2026-02-28 23:00:03,956 - httpx - INFO - HTTP Request: GET https://huggingface.co/api/models/ProsusAI/finbert "HTTP/1.1 200 OK"
2026-02-28 23:00:04,166 - httpx - INFO - HTTP Request: GET https://huggingface.co/api/models/ProsusAI/finbert/commits/main "HTTP/1.1 200 OK"
2026-02-28 23:00:04,236 - httpx - INFO - HTTP Request: GET https://huggingface.co/api/models/ProsusAI/finbert/discussions?p=0 "HTTP/1.1 200 OK"
2026-02-28 23:00:04,317 - httpx - INFO - HTTP Request: GET https://huggingface.co/api/models/ProsusAI/finbert/commits/refs%2Fpr%2F29 "HTTP/1.1 200 OK"
2026-02-28 23:00:04,370 - httpx - INFO - HTTP Request: HEAD https://huggingface.co/ProsusAI/finbert/resolve/refs%2Fpr%2F29/model.safetensors.index.json "HTTP/1.1 404 Not Found"
2026-02-28 23:00:04,416 - httpx - INFO - HTTP Request: HEAD https://huggingface.co/ProsusAI/finbert/resolve/refs%2Fpr%2F29/model.safetensors "HTTP/1.1 302 Found"
2026-02-28 23:00:04,522 - scoring - INFO - Sentiment model loaded successfully
2026-02-28 23:00:05,388 - database - INFO - Initialized ActianVectorDB targeting localhost:50051
2026-02-28 23:00:05,394 - cortex.transport.pool - INFO - Creating connection pool to localhost:50051 with 3 channels
2026-02-28 23:00:05,420 - cortex.async_client - INFO - Connected to Cortex at localhost:50051
2026-02-28 23:00:05,432 - cortex.client - INFO - Connected to Cortex at localhost:50051
2026-02-28 23:00:05,488 - httpx - INFO - HTTP Request: GET https://huggingface.co/api/models/ProsusAI/finbert/xet-read-token/7db323f79b751944bcfa66298ec06977e4518306 "HTTP/1.1 200 OK"
2026-02-28 23:00:05,748 - database - INFO - Connected to VectorAI DB: VDSS 1.0.0 / VDE 1.0.0
2026-02-28 23:00:06,001 - database - INFO - Created collection 'news_embeddings' (dim=384, metric=COSINE)
2026-02-28 23:00:06,001 - __main__ - INFO - Pipeline initialized successfully
2026-02-28 23:00:06,001 - __main__ - INFO - Starting sentiment analysis for NVDA
2026-02-28 23:00:06,001 - __main__ - INFO - Step 1: Scraping news articles
2026-02-28 23:00:06,002 - scraper - INFO - Fetching URL: https://feeds.finance.yahoo.com/rss/2.0/headline?s=NVDA&region=US&lang=en-US
2026-02-28 23:00:06,425 - scraper - INFO - Scraped 20 articles from RSS feed for NVDA
2026-02-28 23:00:06,425 - scraper - INFO - Successfully scraped 20 articles for NVDA
2026-02-28 23:00:06,425 - __main__ - INFO - Scraped 10 articles
2026-02-28 23:00:06,425 - __main__ - INFO - Step 2: Generating embeddings
2026-02-28 23:00:06,425 - embeddings - INFO - Generating embeddings for 10 articles
2026-02-28 23:00:08,233 - embeddings - INFO - Generated embeddings with shape: (10, 384)
2026-02-28 23:00:08,233 - __main__ - INFO - Generated embeddings with shape (10, 384)
2026-02-28 23:00:08,233 - __main__ - INFO - Step 3: Storing embeddings in VectorAI DB
2026-02-28 23:00:08,311 - database - INFO - Inserted 10 embeddings for NVDA
2026-02-28 23:00:08,311 - __main__ - INFO - Inserted 10 records into database
2026-02-28 23:00:08,311 - __main__ - INFO - Step 4: Analyzing sentiment
2026-02-28 23:00:08,311 - scoring - INFO - Analyzing sentiment for 10 articles
2026-02-28 23:00:09,168 - scoring - INFO - Completed sentiment analysis for 10 articles
2026-02-28 23:00:09,168 - __main__ - INFO - Step 5: Calculating aggregate score
2026-02-28 23:00:09,169 - scoring - INFO - Aggregate sentiment score: -0.0125
2026-02-28 23:00:09,169 - __main__ - INFO - Step 6: Generating tip sheet
2026-02-28 23:00:09,169 - __main__ - INFO - Pipeline completed successfully for NVDA
2026-02-28 23:00:09,170 - cortex.transport.pool - INFO - Closing connection pool (3 channels)
2026-02-28 23:00:09,170 - cortex.async_client - INFO - Disconnected from Cortex
2026-02-28 23:00:09,170 - cortex.client - INFO - Disconnected from Cortex
2026-02-28 23:00:09,170 - database - INFO - VectorAI DB connection closed
2026-02-28 23:00:09,170 - __main__ - INFO - Pipeline cleanup completed
